2018-08-21 14:28:11.447  INFO 39750 --- [Thread-10] ConfigServletWebServerApplicationContext : Closing org.springframework.boot.web.servlet.context.AnnotationConfigServletWebServerApplicationContext@65d09a04: startup date [Mon Aug 20 16:39:22 CST 2018]; root of context hierarchy
2018-08-21 14:28:11.606  INFO 39750 --- [Thread-10] o.s.j.e.a.AnnotationMBeanExporter        : Unregistering JMX-exposed beans on shutdown
2018-08-21 14:28:11.609  INFO 39750 --- [Thread-10] o.s.j.e.a.AnnotationMBeanExporter        : Unregistering JMX-exposed beans
2018-08-21 14:28:16.521  INFO 51579 --- [main] com.software.hdfs.HdfsApplication        : Starting HdfsApplication on bogon with PID 51579 (/Users/sunow/study/code/study/hdfs/target/classes started by sunow in /Users/sunow/study/code/study/hdfs)
2018-08-21 14:28:16.525 DEBUG 51579 --- [main] com.software.hdfs.HdfsApplication        : Running with Spring Boot v2.0.4.RELEASE, Spring v5.0.8.RELEASE
2018-08-21 14:28:16.529  INFO 51579 --- [main] com.software.hdfs.HdfsApplication        : No active profile set, falling back to default profiles: default
2018-08-21 14:28:16.671  INFO 51579 --- [main] ConfigServletWebServerApplicationContext : Refreshing org.springframework.boot.web.servlet.context.AnnotationConfigServletWebServerApplicationContext@4c39bec8: startup date [Tue Aug 21 14:28:16 CST 2018]; root of context hierarchy
2018-08-21 14:28:18.276  INFO 51579 --- [main] o.s.b.w.embedded.tomcat.TomcatWebServer  : Tomcat initialized with port(s): 8888 (http)
2018-08-21 14:28:18.293  INFO 51579 --- [main] o.apache.catalina.core.StandardService   : Starting service [Tomcat]
2018-08-21 14:28:18.293  INFO 51579 --- [main] org.apache.catalina.core.StandardEngine  : Starting Servlet Engine: Apache Tomcat/8.5.32
2018-08-21 14:28:18.297  INFO 51579 --- [localhost-startStop-1] o.a.catalina.core.AprLifecycleListener   : The APR based Apache Tomcat Native library which allows optimal performance in production environments was not found on the java.library.path: [/Users/sunow/Library/Java/Extensions:/Library/Java/Extensions:/Network/Library/Java/Extensions:/System/Library/Java/Extensions:/usr/lib/java:.]
2018-08-21 14:28:18.375  INFO 51579 --- [localhost-startStop-1] o.a.c.c.C.[Tomcat].[localhost].[/]       : Initializing Spring embedded WebApplicationContext
2018-08-21 14:28:18.375  INFO 51579 --- [localhost-startStop-1] o.s.web.context.ContextLoader            : Root WebApplicationContext: initialization completed in 1705 ms
2018-08-21 14:28:18.420  INFO 51579 --- [localhost-startStop-1] o.s.b.w.servlet.ServletRegistrationBean  : Servlet dispatcherServlet mapped to [/]
2018-08-21 14:28:18.423  INFO 51579 --- [localhost-startStop-1] o.s.b.w.servlet.FilterRegistrationBean   : Mapping filter: 'characterEncodingFilter' to: [/*]
2018-08-21 14:28:18.423  INFO 51579 --- [localhost-startStop-1] o.s.b.w.servlet.FilterRegistrationBean   : Mapping filter: 'hiddenHttpMethodFilter' to: [/*]
2018-08-21 14:28:18.423  INFO 51579 --- [localhost-startStop-1] o.s.b.w.servlet.FilterRegistrationBean   : Mapping filter: 'httpPutFormContentFilter' to: [/*]
2018-08-21 14:28:18.423  INFO 51579 --- [localhost-startStop-1] o.s.b.w.servlet.FilterRegistrationBean   : Mapping filter: 'requestContextFilter' to: [/*]
2018-08-21 14:28:18.423  INFO 51579 --- [localhost-startStop-1] o.s.b.w.servlet.FilterRegistrationBean   : Mapping filter: 'corsFilter' to: [/*]
2018-08-21 14:28:18.869  INFO 51579 --- [main] o.s.w.s.handler.SimpleUrlHandlerMapping  : Mapped URL path [/**/favicon.ico] onto handler of type [class org.springframework.web.servlet.resource.ResourceHttpRequestHandler]
2018-08-21 14:28:19.030  INFO 51579 --- [main] s.w.s.m.m.a.RequestMappingHandlerAdapter : Looking for @ControllerAdvice: org.springframework.boot.web.servlet.context.AnnotationConfigServletWebServerApplicationContext@4c39bec8: startup date [Tue Aug 21 14:28:16 CST 2018]; root of context hierarchy
2018-08-21 14:28:19.137  INFO 51579 --- [main] s.w.s.m.m.a.RequestMappingHandlerMapping : Mapped "{[/hdfs/test],methods=[GET]}" onto public com.software.hdfs.utils.ResponseEntity com.software.hdfs.controller.HdFsController.test(javax.servlet.http.HttpServletResponse)
2018-08-21 14:28:19.137  INFO 51579 --- [main] s.w.s.m.m.a.RequestMappingHandlerMapping : Mapped "{[/hdfs/getFileContent],methods=[GET || POST]}" onto public com.software.hdfs.utils.ResponseEntity com.software.hdfs.controller.HdFsController.getFileContent(java.lang.String) throws java.lang.Exception
2018-08-21 14:28:19.138  INFO 51579 --- [main] s.w.s.m.m.a.RequestMappingHandlerMapping : Mapped "{[/hdfs/uploadFile],methods=[GET || POST]}" onto public com.software.hdfs.utils.FineUploadResults com.software.hdfs.controller.HdFsController.uploadFile(javax.servlet.http.HttpServletRequest,javax.servlet.http.HttpServletResponse) throws java.io.IOException
2018-08-21 14:28:19.138  INFO 51579 --- [main] s.w.s.m.m.a.RequestMappingHandlerMapping : Mapped "{[/hdfs/downloadFile],methods=[GET]}" onto public com.software.hdfs.utils.ResponseEntity com.software.hdfs.controller.HdFsController.downloadFile(java.lang.String,javax.servlet.http.HttpServletRequest,javax.servlet.http.HttpServletResponse) throws java.io.IOException
2018-08-21 14:28:19.138  INFO 51579 --- [main] s.w.s.m.m.a.RequestMappingHandlerMapping : Mapped "{[/hdfs/deleteFile],methods=[POST]}" onto public com.software.hdfs.utils.ResponseEntity com.software.hdfs.controller.HdFsController.deleteFile(com.software.hdfs.form.DeleteForm)
2018-08-21 14:28:19.138  INFO 51579 --- [main] s.w.s.m.m.a.RequestMappingHandlerMapping : Mapped "{[/hdfs/updateFile],methods=[GET || POST]}" onto public com.software.hdfs.utils.ResponseEntity com.software.hdfs.controller.HdFsController.updateFile(com.software.hdfs.form.UpdateForm)
2018-08-21 14:28:19.138  INFO 51579 --- [main] s.w.s.m.m.a.RequestMappingHandlerMapping : Mapped "{[/hdfs/updateBatch],methods=[POST]}" onto public com.software.hdfs.utils.ResponseEntity com.software.hdfs.controller.HdFsController.updateBatch(com.software.hdfs.form.UpdateBatchForm)
2018-08-21 14:28:19.139  INFO 51579 --- [main] s.w.s.m.m.a.RequestMappingHandlerMapping : Mapped "{[/hdfs/selectList],methods=[GET || POST]}" onto public com.software.hdfs.utils.ResponseEntity com.software.hdfs.controller.HdFsController.selectList(com.software.hdfs.form.QueryForm)
2018-08-21 14:28:19.139  INFO 51579 --- [main] s.w.s.m.m.a.RequestMappingHandlerMapping : Mapped "{[/hdfs/fileInFolder],methods=[GET || POST]}" onto public com.software.hdfs.utils.ResponseEntity com.software.hdfs.controller.HdFsController.fileInFolder(java.lang.String)
2018-08-21 14:28:19.141  INFO 51579 --- [main] s.w.s.m.m.a.RequestMappingHandlerMapping : Mapped "{[/error]}" onto public org.springframework.http.ResponseEntity<java.util.Map<java.lang.String, java.lang.Object>> org.springframework.boot.autoconfigure.web.servlet.error.BasicErrorController.error(javax.servlet.http.HttpServletRequest)
2018-08-21 14:28:19.142  INFO 51579 --- [main] s.w.s.m.m.a.RequestMappingHandlerMapping : Mapped "{[/error],produces=[text/html]}" onto public org.springframework.web.servlet.ModelAndView org.springframework.boot.autoconfigure.web.servlet.error.BasicErrorController.errorHtml(javax.servlet.http.HttpServletRequest,javax.servlet.http.HttpServletResponse)
2018-08-21 14:28:19.161  INFO 51579 --- [main] o.s.w.s.handler.SimpleUrlHandlerMapping  : Mapped URL path [/webjars/**] onto handler of type [class org.springframework.web.servlet.resource.ResourceHttpRequestHandler]
2018-08-21 14:28:19.162  INFO 51579 --- [main] o.s.w.s.handler.SimpleUrlHandlerMapping  : Mapped URL path [/**] onto handler of type [class org.springframework.web.servlet.resource.ResourceHttpRequestHandler]
2018-08-21 14:28:19.366  INFO 51579 --- [main] o.s.j.e.a.AnnotationMBeanExporter        : Registering beans for JMX exposure on startup
2018-08-21 14:28:19.367  INFO 51579 --- [main] o.s.j.e.a.AnnotationMBeanExporter        : Bean with name 'dataSource' has been autodetected for JMX exposure
2018-08-21 14:28:19.371  INFO 51579 --- [main] o.s.j.e.a.AnnotationMBeanExporter        : Located MBean 'dataSource': registering with JMX server as MBean [com.zaxxer.hikari:name=dataSource,type=HikariDataSource]
2018-08-21 14:28:19.411  INFO 51579 --- [main] o.s.b.w.embedded.tomcat.TomcatWebServer  : Tomcat started on port(s): 8888 (http) with context path ''
2018-08-21 14:28:19.414  INFO 51579 --- [main] com.software.hdfs.HdfsApplication        : Started HdfsApplication in 3.432 seconds (JVM running for 4.161)
